EQUAL=
     E  A  T  F  B  D  +  -  *  /  (  )  x  y  z
  E  0  0  0  0  0  0  1  1  0  0  0  0  0  0  0
  A  0  0  0  0  0  0  0  0  0  0  0  0  0  0  0
  T  0  0  0  0  0  0  0  0  0  0  0  0  0  0  0
  F  0  0  0  0  0  0  0  0  1  1  0  0  0  0  0
  B  0  0  0  0  0  0  0  0  0  0  0  1  0  0  0
  D  0  0  0  0  0  0  0  0  0  0  0  0  0  0  0
  +  0  0  1  0  0  0  0  0  0  0  0  0  0  0  0
  -  0  0  1  0  0  0  0  0  0  0  0  0  0  0  0
  *  0  0  1  0  0  0  0  0  0  0  0  0  0  0  0
  /  0  0  1  0  0  0  0  0  0  0  0  0  0  0  0
  (  0  0  0  0  1  0  0  0  0  0  0  0  0  0  0
  )  0  0  0  0  0  0  0  0  0  0  0  0  0  0  0
  x  0  0  0  0  0  0  0  0  0  0  0  0  0  0  0
  y  0  0  0  0  0  0  0  0  0  0  0  0  0  0  0
  z  0  0  0  0  0  0  0  0  0  0  0  0  0  0  0
LEQUAL=
     E  A  T  F  B  D  +  -  *  /  (  )  x  y  z
  E  0  0  0  0  0  0  0  0  0  0  0  0  0  0  0
  A  0  0  0  0  0  0  0  0  0  0  0  0  0  0  0
  T  0  0  0  0  0  0  0  0  0  0  0  0  0  0  0
  F  0  0  0  0  0  0  0  0  0  0  0  0  0  0  0
  B  0  0  0  0  0  0  0  0  0  0  0  0  0  0  0
  D  0  0  0  0  0  0  0  0  0  0  0  0  0  0  0
  +  0  0  0  1  0  1  0  0  0  0  1  0  1  1  1
  -  0  0  0  1  0  1  0  0  0  0  1  0  1  1  1
  *  0  0  0  1  0  1  0  0  0  0  1  0  1  1  1
  /  0  0  0  1  0  1  0  0  0  0  1  0  1  1  1
  (  1  1  1  1  0  1  0  0  0  0  1  0  1  1  1
  )  0  0  0  0  0  0  0  0  0  0  0  0  0  0  0
  x  0  0  0  0  0  0  0  0  0  0  0  0  0  0  0
  y  0  0  0  0  0  0  0  0  0  0  0  0  0  0  0
  z  0  0  0  0  0  0  0  0  0  0  0  0  0  0  0
GEQUAL=
     E  A  T  F  B  D  +  -  *  /  (  )  x  y  z
  E  0  0  0  0  0  0  0  0  0  0  0  1  0  0  0
  A  0  0  0  0  0  0  1  1  0  0  0  1  0  0  0
  T  0  0  0  0  0  0  1  1  0  0  0  1  0  0  0
  F  0  0  0  0  0  0  1  1  0  0  0  1  0  0  0
  B  0  0  0  0  0  0  0  0  0  0  0  0  0  0  0
  D  0  0  0  0  0  0  1  1  1  1  0  1  0  0  0
  +  0  0  0  0  0  0  0  0  0  0  0  0  0  0  0
  -  0  0  0  0  0  0  0  0  0  0  0  0  0  0  0
  *  0  0  0  0  0  0  0  0  0  0  0  0  0  0  0
  /  0  0  0  0  0  0  0  0  0  0  0  0  0  0  0
  (  0  0  0  0  0  0  0  0  0  0  0  0  0  0  0
  )  0  0  0  0  0  0  1  1  1  1  0  1  0  0  0
  x  0  0  0  0  0  0  1  1  1  1  0  1  0  0  0
  y  0  0  0  0  0  0  1  1  1  1  0  1  0  0  0
  z  0  0  0  0  0  0  1  1  1  1  0  1  0  0  0
M[R]=
     E  A  T  F  B  D  +  -  *  /  (  )  x  y  z
  E                    =  =           >         
  A                    >  >           >         
  T                    >  >           >         
  F                    >  >  =  =     >         
  B                                   =         
  D                    >  >  >  >     >         
  +        =  <     <              <     <  <  <
  -        =  <     <              <     <  <  <
  *        =  <     <              <     <  <  <
  /        =  <     <              <     <  <  <
  (  <  <  <  <  =  <              <     <  <  <
  )                    >  >  >  >     >         
  x                    >  >  >  >     >         
  y                    >  >  >  >     >         
  z                    >  >  >  >     >         